<?xml version="1.0" encoding="UTF-8"?>
<!-- Generated by org.testng.reporters.JUnitReportReporter -->
<testsuite hostname="WGC1001KVLTG3" failures="0" tests="3" name="com.testngpractise.DependsOnExample" time="0.008" errors="0" timestamp="2022-06-01T08:05:20 EDT" skipped="0">
  <testcase classname="com.testngpractise.DependsOnExample" name="OpenBrowser" time="0.006"/>
  <system-out/>
  <testcase classname="com.testngpractise.DependsOnExample" name="AddToCart" time="0.001"/>
  <system-out/>
  <testcase classname="com.testngpractise.DependsOnExample" name="SignToApplication" time="0.001"/>
  <system-out/>
</testsuite> <!-- com.testngpractise.DependsOnExample -->
