<?xml version="1.0" encoding="UTF-8"?>
<!-- Generated by org.testng.reporters.JUnitReportReporter -->
<testsuite hostname="WGC1001KVLTG3" failures="0" tests="3" name="com.testngpractise.TestNGOrderOfExecution" time="0.008" errors="0" timestamp="2022-05-31T16:34:09 EDT" skipped="0">
  <testcase classname="com.testngpractise.TestNGOrderOfExecution" name="a_MethodName" time="0.005"/>
  <system-out/>
  <testcase classname="com.testngpractise.TestNGOrderOfExecution" name="c_MethodName" time="0.002"/>
  <system-out/>
  <testcase classname="com.testngpractise.TestNGOrderOfExecution" name="d_MethodName" time="0.001"/>
  <system-out/>
</testsuite> <!-- com.testngpractise.TestNGOrderOfExecution -->
