<?xml version="1.0" encoding="UTF-8"?>
<!-- Generated by org.testng.reporters.JUnitReportReporter -->
<testsuite hostname="WGC1001KVLTG3" failures="0" tests="6" name="com.testngpractise.DataProviderExample" time="0.008" errors="0" timestamp="2022-06-01T07:58:08 EDT" skipped="0">
  <testcase classname="com.testngpractise.DataProviderExample" name="MyTestCase1" time="0.001"/>
  <system-out/>
  <testcase classname="com.testngpractise.DataProviderExample" name="MyTestCase1" time="0.001"/>
  <system-out/>
  <testcase classname="com.testngpractise.DataProviderExample" name="MyTestCase" time="0.000"/>
  <system-out/>
  <testcase classname="com.testngpractise.DataProviderExample" name="MyTestCase" time="0.005"/>
  <system-out/>
  <testcase classname="com.testngpractise.DataProviderExample" name="MyTestCase1" time="0.000"/>
  <system-out/>
  <testcase classname="com.testngpractise.DataProviderExample" name="MyTestCase" time="0.001"/>
  <system-out/>
</testsuite> <!-- com.testngpractise.DataProviderExample -->
