<?xml version="1.0" encoding="UTF-8"?>
<!-- Generated by org.testng.reporters.JUnitReportReporter -->
<testsuite hostname="WGC1001KVLTG3" failures="0" tests="2" name="com.testngpractise.FactoryTestCase" time="0.004" errors="0" timestamp="2022-06-01T09:06:39 EDT" skipped="0">
  <testcase classname="com.testngpractise.FactoryTestCase" name="TestMethod1" time="0.001"/>
  <system-out/>
  <testcase classname="com.testngpractise.FactoryTestCase" name="TestMethod1" time="0.003"/>
  <system-out/>
</testsuite> <!-- com.testngpractise.FactoryTestCase -->
