<?xml version="1.0" encoding="UTF-8"?>
<!-- Generated by org.testng.reporters.JUnitReportReporter -->
<testsuite hostname="WGC1001KVLTG3" failures="0" tests="4" name="com.testngpractise.TestNGGroupExample" time="0.007" errors="0" timestamp="2022-05-31T17:10:22 EDT" skipped="0">
  <testcase classname="com.testngpractise.TestNGGroupExample" name="closeBrowser" time="0.000"/>
  <system-out/>
  <testcase classname="com.testngpractise.TestNGGroupExample" name="Login" time="0.001"/>
  <system-out/>
  <testcase classname="com.testngpractise.TestNGGroupExample" name="AddItemToCart" time="0.006"/>
  <system-out/>
  <testcase classname="com.testngpractise.TestNGGroupExample" name="OpenBrowser" time="0.000"/>
  <system-out/>
</testsuite> <!-- com.testngpractise.TestNGGroupExample -->
