<?xml version="1.0" encoding="UTF-8"?>
<!-- Generated by org.testng.reporters.JUnitReportReporter -->
<testsuite hostname="WGC1001KVLTG3" failures="0" tests="2" name="com.testngpractise.EnabledExample" time="0.006" errors="0" timestamp="2022-06-01T08:34:37 EDT" skipped="1">
  <testcase classname="com.testngpractise.EnabledExample" name="Method1" time="0.006"/>
  <system-out/>
  <testcase classname="com.testngpractise.EnabledExample" name="Method2">
    <skipped/>
  </testcase> <!-- Method2 -->
  <system-out/>
</testsuite> <!-- com.testngpractise.EnabledExample -->
