<?xml version="1.0" encoding="UTF-8"?>
<!-- Generated by org.testng.reporters.JUnitReportReporter -->
<testsuite hostname="WGC1001KVLTG3" failures="0" tests="1" name="com.testngpractise.FirstTestNGProgram" time="2.549" errors="0" timestamp="2022-05-31T16:24:50 EDT" skipped="0">
  <testcase classname="com.testngpractise.FirstTestNGProgram" name="openBrowser" time="2.549"/>
  <system-out/>
</testsuite> <!-- com.testngpractise.FirstTestNGProgram -->
