<?xml version="1.0" encoding="UTF-8"?>
<!-- Generated by org.testng.reporters.JUnitReportReporter -->
<testsuite hostname="WGC1001KVLTG3" failures="0" tests="2" name="com.testngpractise.AllAnnoatationsExample" time="0.007" errors="0" timestamp="2022-05-31T16:24:50 EDT" skipped="0">
  <testcase classname="com.testngpractise.AllAnnoatationsExample" name="TestCase2" time="0.003"/>
  <system-out/>
  <testcase classname="com.testngpractise.AllAnnoatationsExample" name="TestCase1" time="0.004"/>
  <system-out/>
</testsuite> <!-- com.testngpractise.AllAnnoatationsExample -->
