<?xml version="1.0" encoding="UTF-8"?>
<!-- Generated by org.testng.reporters.JUnitReportReporter -->
<testsuite hostname="WGC1001KVLTG3" failures="0" tests="2" name="com.testngpractise.ParallelExecutionExample" time="7.765" errors="0" timestamp="2022-05-31T16:24:50 EDT" skipped="0">
  <testcase classname="com.testngpractise.ParallelExecutionExample" name="OpenFirefoxBrowser" time="5.959"/>
  <system-out/>
  <testcase classname="com.testngpractise.ParallelExecutionExample" name="OpenChromeBrowser" time="1.806"/>
  <system-out/>
</testsuite> <!-- com.testngpractise.ParallelExecutionExample -->
