<?xml version="1.0" encoding="UTF-8"?>
<!-- Generated by org.testng.reporters.JUnitReportReporter -->
<testsuite hostname="WGC1001KVLTG3" failures="0" tests="2" name="com.testngpractise.DependsOnMethodsExample" time="0.007" errors="0" timestamp="2022-06-01T08:11:50 EDT" skipped="0">
  <testcase classname="com.testngpractise.DependsOnMethodsExample" name="SignToApplication" time="0.006"/>
  <system-out/>
  <testcase classname="com.testngpractise.DependsOnMethodsExample" name="ViewAccountDetails" time="0.001"/>
  <system-out/>
</testsuite> <!-- com.testngpractise.DependsOnMethodsExample -->
