<?xml version="1.0" encoding="UTF-8"?>
<!-- Generated by org.testng.reporters.JUnitReportReporter -->
<testsuite hostname="WGC1001KVLTG3" failures="0" tests="10" name="com.testngpractise.InnovacationCount" time="0.014" errors="0" timestamp="2022-05-31T16:53:12 EDT" skipped="0">
  <testcase classname="com.testngpractise.InnovacationCount" name="TestCase1" time="0.001"/>
  <system-out/>
  <testcase classname="com.testngpractise.InnovacationCount" name="TestCase1" time="0.001"/>
  <system-out/>
  <testcase classname="com.testngpractise.InnovacationCount" name="TestCase1" time="0.001"/>
  <system-out/>
  <testcase classname="com.testngpractise.InnovacationCount" name="TestCase1" time="0.001"/>
  <system-out/>
  <testcase classname="com.testngpractise.InnovacationCount" name="TestCase1" time="0.001"/>
  <system-out/>
  <testcase classname="com.testngpractise.InnovacationCount" name="TestCase1" time="0.006"/>
  <system-out/>
  <testcase classname="com.testngpractise.InnovacationCount" name="TestCase1" time="0.001"/>
  <system-out/>
  <testcase classname="com.testngpractise.InnovacationCount" name="TestCase1" time="0.001"/>
  <system-out/>
  <testcase classname="com.testngpractise.InnovacationCount" name="TestCase1" time="0.000"/>
  <system-out/>
  <testcase classname="com.testngpractise.InnovacationCount" name="TestCase1" time="0.001"/>
  <system-out/>
</testsuite> <!-- com.testngpractise.InnovacationCount -->
