<?xml version="1.0" encoding="UTF-8"?>
<!-- Generated by org.testng.reporters.JUnitReportReporter -->
<testsuite hostname="WGC1001KVLTG3" failures="0" tests="5" name="com.testngpractise.SettingPriorityExample" time="0.011" errors="0" timestamp="2022-05-31T16:50:15 EDT" skipped="0">
  <testcase classname="com.testngpractise.SettingPriorityExample" name="Login" time="0.001"/>
  <system-out/>
  <testcase classname="com.testngpractise.SettingPriorityExample" name="OpenBrowser" time="0.001"/>
  <system-out/>
  <testcase classname="com.testngpractise.SettingPriorityExample" name="AddMobileItemtoCart" time="0.007"/>
  <system-out/>
  <testcase classname="com.testngpractise.SettingPriorityExample" name="AddItemToCart" time="0.001"/>
  <system-out/>
  <testcase classname="com.testngpractise.SettingPriorityExample" name="closeBrowser" time="0.001"/>
  <system-out/>
</testsuite> <!-- com.testngpractise.SettingPriorityExample -->
